[2025-08-18 01:15:57.570] INFO - DataScrapingService initialized with thread pool size: 3
[2025-08-24 11:30:52.621] INFO - DataScrapingService initialized with thread pool size: 3
[2025-08-24 11:33:18.292] INFO - DataScrapingService initialized with thread pool size: 3
[2025-08-24 11:45:17.171] INFO - DataScrapingService initialized with thread pool size: 3
[2025-08-24 11:45:42.496] INFO - Starting latest 13F scraping task for CIK: 0001524258
[2025-08-24 11:45:42.496] INFO - SCRAPING_STARTED - CIK: 0001524258, Company: Test Company
[2025-08-24 11:45:42.496] DEBUG - SEC_REQUEST - URL: https://data.sec.gov/submissions/CIK0001524258.json, Status: 0
[2025-08-24 11:45:44.612] DEBUG - SEC_REQUEST - URL: https://data.sec.gov/submissions/CIK0001524258.json, Status: 200
[2025-08-24 11:45:44.637] INFO - Found 0 13F filings for CIK: 0001524258
[2025-08-24 11:45:44.637] ERROR - Scraping task failed for CIK: 0001524258 - No 13F filings found for CIK: 0001524258
java.io.IOException: No 13F filings found for CIK: 0001524258
	at com.company.sec13f.parser.scraper.RealSECScraper.getLatest13F(RealSECScraper.java:94)
	at com.company.sec13f.parser.service.DataScrapingService.lambda$scrapeLatest13F$0(DataScrapingService.java:141)
	at java.util.concurrent.CompletableFuture$AsyncSupply.run(CompletableFuture.java:1604)
	at java.util.concurrent.ThreadPoolExecutor.runWorker(ThreadPoolExecutor.java:1149)
	at java.util.concurrent.ThreadPoolExecutor$Worker.run(ThreadPoolExecutor.java:624)
	at java.lang.Thread.run(Thread.java:750)
[2025-08-24 11:45:44.638] ERROR - SCRAPING_FAILED - CIK: 0001524258, Error: No 13F filings found for CIK: 0001524258
[2025-08-24 11:49:50.535] INFO - DataScrapingService initialized with thread pool size: 3
[2025-08-24 11:50:17.940] INFO - Starting latest 13F scraping task for CIK: 0001524258
[2025-08-24 11:50:17.940] INFO - SCRAPING_STARTED - CIK: 0001524258, Company: Alibaba Group Holding Limited
[2025-08-24 11:50:17.941] DEBUG - SEC_REQUEST - URL: https://data.sec.gov/submissions/CIK0001524258.json, Status: 0
[2025-08-24 11:50:20.238] DEBUG - SEC_REQUEST - URL: https://data.sec.gov/submissions/CIK0001524258.json, Status: 403
[2025-08-24 11:50:20.238] ERROR - Scraping task failed for CIK: 0001524258 - SEC request failed with status: 403 for URL: https://data.sec.gov/submissions/CIK0001524258.json
java.io.IOException: SEC request failed with status: 403 for URL: https://data.sec.gov/submissions/CIK0001524258.json
	at com.company.sec13f.parser.scraper.RealSECScraper.executeGetRequest(RealSECScraper.java:221)
	at com.company.sec13f.parser.scraper.RealSECScraper.getCompanyFilings(RealSECScraper.java:56)
	at com.company.sec13f.parser.scraper.RealSECScraper.getLatest13F(RealSECScraper.java:92)
	at com.company.sec13f.parser.service.DataScrapingService.lambda$scrapeLatest13F$0(DataScrapingService.java:141)
	at java.util.concurrent.CompletableFuture$AsyncSupply.run(CompletableFuture.java:1604)
	at java.util.concurrent.ThreadPoolExecutor.runWorker(ThreadPoolExecutor.java:1149)
	at java.util.concurrent.ThreadPoolExecutor$Worker.run(ThreadPoolExecutor.java:624)
	at java.lang.Thread.run(Thread.java:750)
[2025-08-24 11:50:20.239] ERROR - SCRAPING_FAILED - CIK: 0001524258, Error: SEC request failed with status: 403 for URL: https://data.sec.gov/submissions/CIK0001524258.json
[2025-08-24 11:58:12.772] INFO - DataScrapingService initialized with Finnhub API, thread pool size: 3
[2025-08-24 11:58:32.229] INFO - Starting latest 13F scraping task for CIK: 0001524258
[2025-08-24 11:58:32.229] INFO - SCRAPING_STARTED - CIK: 0001524258, Company: Test Company Using Finnhub
[2025-08-24 11:58:32.230] DEBUG - SEC_REQUEST - URL: https://finnhub.io/api/v1/stock/institutional-holding?symbol=AAPL&token=demo, Status: 0
[2025-08-24 11:58:33.667] DEBUG - SEC_REQUEST - URL: https://finnhub.io/api/v1/stock/institutional-holding?symbol=AAPL&token=demo, Status: 401
[2025-08-24 11:58:33.668] ERROR - Scraping task failed for CIK: 0001524258 - Finnhub request failed with status: 401 for URL: https://finnhub.io/api/v1/stock/institutional-holding?symbol=AAPL&token=demo
java.io.IOException: Finnhub request failed with status: 401 for URL: https://finnhub.io/api/v1/stock/institutional-holding?symbol=AAPL&token=demo
	at com.company.sec13f.parser.scraper.FinnhubSECScraper.executeGetRequest(FinnhubSECScraper.java:192)
	at com.company.sec13f.parser.scraper.FinnhubSECScraper.getLatest13F(FinnhubSECScraper.java:77)
	at com.company.sec13f.parser.service.DataScrapingService.lambda$scrapeLatest13F$0(DataScrapingService.java:142)
	at java.util.concurrent.CompletableFuture$AsyncSupply.run(CompletableFuture.java:1604)
	at java.util.concurrent.ThreadPoolExecutor.runWorker(ThreadPoolExecutor.java:1149)
	at java.util.concurrent.ThreadPoolExecutor$Worker.run(ThreadPoolExecutor.java:624)
	at java.lang.Thread.run(Thread.java:750)
[2025-08-24 11:58:33.669] ERROR - SCRAPING_FAILED - CIK: 0001524258, Error: Finnhub request failed with status: 401 for URL: https://finnhub.io/api/v1/stock/institutional-holding?symbol=AAPL&token=demo
[2025-08-24 11:59:50.591] INFO - DataScrapingService initialized with Finnhub API, thread pool size: 3
[2025-08-24 12:00:05.934] INFO - Starting latest 13F scraping task for CIK: 0001524258
[2025-08-24 12:00:05.935] INFO - SCRAPING_STARTED - CIK: 0001524258, Company: New Sample Company
[2025-08-24 12:00:05.935] INFO - Finnhub API: Getting latest 13F for CIK: 0001524258
[2025-08-24 12:00:05.935] INFO - Created 8 sample holdings
[2025-08-24 12:00:05.935] INFO - Generated sample filing with 8 holdings for CIK: 0001524258
[2025-08-24 12:00:05.936] INFO - Retrieved latest filing: finnhub-demo-0001524258-1756008005935
[2025-08-24 12:00:05.941] ERROR - Validation failed for filing: finnhub-demo-0001524258-1756008005935
[2025-08-24 12:00:05.941] INFO - Completed latest 13F scraping task for CIK: 0001524258
[2025-08-24 12:00:59.565] INFO - DataScrapingService initialized with Finnhub API, thread pool size: 3
[2025-08-24 12:01:13.226] INFO - Starting latest 13F scraping task for CIK: 0001524258
[2025-08-24 12:01:13.226] INFO - SCRAPING_STARTED - CIK: 0001524258, Company: Demo Company with Valid Format
[2025-08-24 12:01:13.226] INFO - Finnhub API: Getting latest 13F for CIK: 0001524258
[2025-08-24 12:01:13.227] INFO - Created 8 sample holdings
[2025-08-24 12:01:13.227] INFO - Generated sample filing with 8 holdings for CIK: 0001524258, Accession: 0001524258-25-073227
[2025-08-24 12:01:13.227] INFO - Retrieved latest filing: 0001524258-25-073227
[2025-08-24 12:01:13.239] INFO - SCRAPING_COMPLETED - CIK: 0001524258, Saved: 1 filings
[2025-08-24 12:01:13.239] INFO - Completed latest 13F scraping task for CIK: 0001524258
[2025-08-24 12:10:25.084] INFO - DataScrapingService initialized with SEC Official API (fixed), thread pool size: 3
[2025-08-24 12:10:45.432] INFO - Starting latest 13F scraping task for CIK: 0001524258
[2025-08-24 12:10:45.433] INFO - SCRAPING_STARTED - CIK: 0001524258, Company: Alibaba Group Holding Limited
[2025-08-24 12:10:45.433] DEBUG - SEC_REQUEST - URL: https://data.sec.gov/submissions/CIK0001524258.json, Status: 0
[2025-08-24 12:10:46.428] DEBUG - SEC_REQUEST - URL: https://data.sec.gov/submissions/CIK0001524258.json, Status: 200
[2025-08-24 12:10:46.445] INFO - Found 0 13F filings for CIK: 0001524258
[2025-08-24 12:10:46.445] ERROR - Scraping task failed for CIK: 0001524258 - No 13F filings found for CIK: 0001524258
java.io.IOException: No 13F filings found for CIK: 0001524258
	at com.company.sec13f.parser.scraper.RealSECScraper.getLatest13F(RealSECScraper.java:94)
	at com.company.sec13f.parser.service.DataScrapingService.lambda$scrapeLatest13F$0(DataScrapingService.java:142)
	at java.util.concurrent.CompletableFuture$AsyncSupply.run(CompletableFuture.java:1604)
	at java.util.concurrent.ThreadPoolExecutor.runWorker(ThreadPoolExecutor.java:1149)
	at java.util.concurrent.ThreadPoolExecutor$Worker.run(ThreadPoolExecutor.java:624)
	at java.lang.Thread.run(Thread.java:750)
[2025-08-24 12:10:46.446] ERROR - SCRAPING_FAILED - CIK: 0001524258, Error: No 13F filings found for CIK: 0001524258
[2025-08-24 12:11:11.659] INFO - Starting latest 13F scraping task for CIK: 0001067983
[2025-08-24 12:11:11.660] INFO - SCRAPING_STARTED - CIK: 0001067983, Company: Berkshire Hathaway Inc
[2025-08-24 12:11:11.661] DEBUG - SEC_REQUEST - URL: https://data.sec.gov/submissions/CIK0001067983.json, Status: 0
[2025-08-24 12:11:12.146] DEBUG - SEC_REQUEST - URL: https://data.sec.gov/submissions/CIK0001067983.json, Status: 200
[2025-08-24 12:11:12.181] INFO - Found 44 13F filings for CIK: 0001067983
[2025-08-24 12:11:12.181] DEBUG - SEC_REQUEST - URL: https://www.sec.gov/Archives/edgar/data/0001067983/000095012325008361/primary_doc.xml, Status: 0
[2025-08-24 12:11:13.005] DEBUG - SEC_REQUEST - URL: https://www.sec.gov/Archives/edgar/data/0001067983/000095012325008361/primary_doc.xml, Status: 200
[2025-08-24 12:11:13.006] INFO - Parsed 0 holdings from 13F filing 0000950123-25-008361
[2025-08-24 12:11:13.007] INFO - Retrieved latest filing: 0000950123-25-008361
[2025-08-24 12:11:13.017] ERROR - Validation failed for filing: 0000950123-25-008361
[2025-08-24 12:11:13.017] INFO - Completed latest 13F scraping task for CIK: 0001067983
[2025-08-24 12:17:06.622] INFO - DataScrapingService initialized with SEC Official API (fixed), thread pool size: 3
[2025-08-24 12:18:19.487] INFO - DataScrapingService initialized with SEC Official API (fixed), thread pool size: 3
[2025-08-24 12:19:22.737] DEBUG - Failed to parse XML document: 文档中根元素后面的标记必须格式正确。
[2025-08-24 12:19:22.746] DEBUG - Successfully parsed holdings with pattern <nameOfIssuer>\s*(.*?)\s*</nameOfIssuer>.*?<cusip>...
[2025-08-24 12:19:22.746] INFO - Regex parsing extracted 1 holdings
[2025-08-24 12:19:22.746] INFO - Total parsed 1 holdings from 13F filing test-456
[2025-08-24 12:19:22.754] DEBUG - Found holdings using path: infoTable
[2025-08-24 12:19:22.754] INFO - DOM parsing extracted 2 holdings
[2025-08-24 12:19:22.754] INFO - Total parsed 2 holdings from 13F filing test-123
[2025-08-24 12:20:24.826] INFO - DataScrapingService initialized with SEC Official API (fixed), thread pool size: 3
[2025-08-24 12:23:01.832] INFO - Starting latest 13F scraping task for CIK: 0001067983
[2025-08-24 12:23:01.833] INFO - SCRAPING_STARTED - CIK: 0001067983, Company: Berkshire Hathaway Inc
[2025-08-24 12:23:01.833] DEBUG - SEC_REQUEST - URL: https://data.sec.gov/submissions/CIK0001067983.json, Status: 0
[2025-08-24 12:23:02.956] DEBUG - SEC_REQUEST - URL: https://data.sec.gov/submissions/CIK0001067983.json, Status: 200
[2025-08-24 12:23:03.137] INFO - Found 44 13F filings for CIK: 0001067983
[2025-08-24 12:23:03.138] DEBUG - SEC_REQUEST - URL: https://www.sec.gov/Archives/edgar/data/0001067983/000095012325008361/primary_doc.xml, Status: 0
[2025-08-24 12:23:03.917] DEBUG - SEC_REQUEST - URL: https://www.sec.gov/Archives/edgar/data/0001067983/000095012325008361/primary_doc.xml, Status: 200
[2025-08-24 12:23:03.964] INFO - DOM parsing extracted 0 holdings
[2025-08-24 12:23:03.967] INFO - Regex parsing extracted 0 holdings
[2025-08-24 12:23:03.967] INFO - Total parsed 0 holdings from 13F filing 0000950123-25-008361
[2025-08-24 12:23:03.967] INFO - Retrieved latest filing: 0000950123-25-008361
[2025-08-24 12:23:03.979] INFO - SCRAPING_COMPLETED - CIK: 0001067983, Saved: 1 filings
[2025-08-24 12:23:03.979] INFO - Completed latest 13F scraping task for CIK: 0001067983
[2025-08-24 12:23:33.499] INFO - Starting latest 13F scraping task for CIK: 0001067983
[2025-08-24 12:23:33.499] INFO - SCRAPING_STARTED - CIK: 0001067983, Company: Berkshire Hathaway Inc
[2025-08-24 12:23:33.500] DEBUG - SEC_REQUEST - URL: https://data.sec.gov/submissions/CIK0001067983.json, Status: 0
[2025-08-24 12:23:33.954] DEBUG - SEC_REQUEST - URL: https://data.sec.gov/submissions/CIK0001067983.json, Status: 200
[2025-08-24 12:23:34.121] INFO - Found 44 13F filings for CIK: 0001067983
[2025-08-24 12:23:34.122] DEBUG - SEC_REQUEST - URL: https://www.sec.gov/Archives/edgar/data/0001067983/000095012325008361/primary_doc.xml, Status: 0
[2025-08-24 12:23:34.432] DEBUG - SEC_REQUEST - URL: https://www.sec.gov/Archives/edgar/data/0001067983/000095012325008361/primary_doc.xml, Status: 200
[2025-08-24 12:23:34.440] INFO - DOM parsing extracted 0 holdings
[2025-08-24 12:23:34.445] INFO - Regex parsing extracted 0 holdings
[2025-08-24 12:23:34.445] INFO - Total parsed 0 holdings from 13F filing 0000950123-25-008361
[2025-08-24 12:23:34.445] INFO - Retrieved latest filing: 0000950123-25-008361
[2025-08-24 12:23:34.448] INFO - Filing already exists: 0000950123-25-008361
[2025-08-24 12:23:34.448] INFO - Completed latest 13F scraping task for CIK: 0001067983
[2025-08-24 12:25:45.889] DEBUG - Failed to parse XML document: 文档中根元素后面的标记必须格式正确。
[2025-08-24 12:25:45.899] DEBUG - Successfully parsed holdings with pattern <nameOfIssuer>\s*(.*?)\s*</nameOfIssuer>.*?<cusip>...
[2025-08-24 12:25:45.899] INFO - Regex parsing extracted 1 holdings
[2025-08-24 12:25:45.899] INFO - Total parsed 1 holdings from 13F filing test-456
[2025-08-24 12:25:45.903] DEBUG - Found holdings using path: infoTable
[2025-08-24 12:25:45.903] INFO - DOM parsing extracted 2 holdings
[2025-08-24 12:25:45.903] INFO - Total parsed 2 holdings from 13F filing test-123
[2025-08-24 12:25:55.927] INFO - DataScrapingService initialized with SEC Official API (fixed), thread pool size: 3
[2025-08-24 12:26:05.001] INFO - Starting latest 13F scraping task for CIK: 0001067983
[2025-08-24 12:26:05.001] INFO - SCRAPING_STARTED - CIK: 0001067983, Company: Berkshire Hathaway Inc
[2025-08-24 12:26:05.002] DEBUG - SEC_REQUEST - URL: https://data.sec.gov/submissions/CIK0001067983.json, Status: 0
[2025-08-24 12:26:06.011] DEBUG - SEC_REQUEST - URL: https://data.sec.gov/submissions/CIK0001067983.json, Status: 200
[2025-08-24 12:26:06.171] INFO - Found 44 13F filings for CIK: 0001067983
[2025-08-24 12:26:06.171] DEBUG - SEC_REQUEST - URL: https://www.sec.gov/Archives/edgar/data/0001067983/000095012325008361/, Status: 0
[2025-08-24 12:26:07.107] DEBUG - SEC_REQUEST - URL: https://www.sec.gov/Archives/edgar/data/0001067983/000095012325008361/, Status: 200
[2025-08-24 12:26:07.113] DEBUG - SEC_REQUEST - URL: https://www.sec.gov/Archives/edgar/data/0001067983/000095012325008361/primary_doc.xml, Status: 0
[2025-08-24 12:26:07.432] DEBUG - SEC_REQUEST - URL: https://www.sec.gov/Archives/edgar/data/0001067983/000095012325008361/primary_doc.xml, Status: 200
[2025-08-24 12:26:07.485] INFO - DOM parsing extracted 0 holdings
[2025-08-24 12:26:07.488] INFO - Regex parsing extracted 0 holdings
[2025-08-24 12:26:07.489] INFO - Total parsed 0 holdings from 13F filing 0000950123-25-008361
[2025-08-24 12:26:07.489] INFO - Retrieved latest filing: 0000950123-25-008361
[2025-08-24 12:26:07.494] INFO - Filing already exists: 0000950123-25-008361
[2025-08-24 12:26:07.494] INFO - Completed latest 13F scraping task for CIK: 0001067983
[2025-08-24 12:26:49.485] DEBUG - Failed to parse XML document: 文档中根元素后面的标记必须格式正确。
[2025-08-24 12:26:49.494] DEBUG - Successfully parsed holdings with pattern <nameOfIssuer>\s*(.*?)\s*</nameOfIssuer>.*?<cusip>...
[2025-08-24 12:26:49.494] INFO - Regex parsing extracted 1 holdings
[2025-08-24 12:26:49.494] INFO - Total parsed 1 holdings from 13F filing test-456
[2025-08-24 12:26:49.497] DEBUG - Found holdings using path: infoTable
[2025-08-24 12:26:49.497] INFO - DOM parsing extracted 2 holdings
[2025-08-24 12:26:49.497] INFO - Total parsed 2 holdings from 13F filing test-123
[2025-08-24 12:26:53.741] INFO - DataScrapingService initialized with SEC Official API (fixed), thread pool size: 3
[2025-08-24 12:27:03.141] INFO - Starting latest 13F scraping task for CIK: 0001067983
[2025-08-24 12:27:03.142] INFO - SCRAPING_STARTED - CIK: 0001067983, Company: Berkshire Hathaway Inc
[2025-08-24 12:27:03.142] DEBUG - SEC_REQUEST - URL: https://data.sec.gov/submissions/CIK0001067983.json, Status: 0
[2025-08-24 12:27:04.788] DEBUG - SEC_REQUEST - URL: https://data.sec.gov/submissions/CIK0001067983.json, Status: 200
[2025-08-24 12:27:04.968] INFO - Found 44 13F filings for CIK: 0001067983
[2025-08-24 12:27:04.968] DEBUG - SEC_REQUEST - URL: https://www.sec.gov/Archives/edgar/data/0001067983/000095012325008361/, Status: 0
[2025-08-24 12:27:05.819] DEBUG - SEC_REQUEST - URL: https://www.sec.gov/Archives/edgar/data/0001067983/000095012325008361/, Status: 200
[2025-08-24 12:27:05.826] DEBUG - SEC_REQUEST - URL: https://www.sec.gov/Archives/edgar/data/0001067983/000095012325008361/primary_doc.xml, Status: 0
[2025-08-24 12:27:06.150] DEBUG - SEC_REQUEST - URL: https://www.sec.gov/Archives/edgar/data/0001067983/000095012325008361/primary_doc.xml, Status: 200
[2025-08-24 12:27:06.204] INFO - DOM parsing extracted 0 holdings
[2025-08-24 12:27:06.207] INFO - Regex parsing extracted 0 holdings
[2025-08-24 12:27:06.207] INFO - Total parsed 0 holdings from 13F filing 0000950123-25-008361
[2025-08-24 12:27:06.208] INFO - Retrieved latest filing: 0000950123-25-008361
[2025-08-24 12:27:06.213] INFO - Filing already exists: 0000950123-25-008361
[2025-08-24 12:27:06.214] INFO - Completed latest 13F scraping task for CIK: 0001067983
[2025-08-24 12:27:43.941] DEBUG - Found holdings using path: infoTable
[2025-08-24 12:27:43.950] INFO - DOM parsing extracted 2 holdings
[2025-08-24 12:27:43.950] INFO - Total parsed 2 holdings from 13F filing 0000950123-25-008361
[2025-08-24 12:28:24.028] DEBUG - Failed to parse XML document: 文档中根元素后面的标记必须格式正确。
[2025-08-24 12:28:24.037] DEBUG - Successfully parsed holdings with pattern <nameOfIssuer>\s*(.*?)\s*</nameOfIssuer>.*?<cusip>...
[2025-08-24 12:28:24.037] INFO - Regex parsing extracted 1 holdings
[2025-08-24 12:28:24.037] INFO - Total parsed 1 holdings from 13F filing test-456
[2025-08-24 12:28:24.041] DEBUG - Found holdings using path: infoTable
[2025-08-24 12:28:24.041] INFO - DOM parsing extracted 2 holdings
[2025-08-24 12:28:24.041] INFO - Total parsed 2 holdings from 13F filing test-123
[2025-08-24 12:28:24.044] DEBUG - Found holdings using path: infoTable
[2025-08-24 12:28:24.044] INFO - DOM parsing extracted 2 holdings
[2025-08-24 12:28:24.044] INFO - Total parsed 2 holdings from 13F filing 0000950123-25-008361
[2025-08-24 12:28:34.454] INFO - DataScrapingService initialized with SEC Official API (fixed), thread pool size: 3
[2025-08-24 12:28:44.205] INFO - Starting latest 13F scraping task for CIK: 0001013594
[2025-08-24 12:28:44.205] INFO - SCRAPING_STARTED - CIK: 0001013594, Company: BlackRock Inc
[2025-08-24 12:28:44.205] DEBUG - SEC_REQUEST - URL: https://data.sec.gov/submissions/CIK0001013594.json, Status: 0
[2025-08-24 12:28:46.080] DEBUG - SEC_REQUEST - URL: https://data.sec.gov/submissions/CIK0001013594.json, Status: 200
[2025-08-24 12:28:46.099] INFO - Found 0 13F filings for CIK: 0001013594
[2025-08-24 12:28:46.099] ERROR - Scraping task failed for CIK: 0001013594 - No 13F filings found for CIK: 0001013594
java.io.IOException: No 13F filings found for CIK: 0001013594
	at com.company.sec13f.parser.scraper.RealSECScraper.getLatest13F(RealSECScraper.java:92)
	at com.company.sec13f.parser.service.DataScrapingService.lambda$scrapeLatest13F$0(DataScrapingService.java:142)
	at java.util.concurrent.CompletableFuture$AsyncSupply.run(CompletableFuture.java:1604)
	at java.util.concurrent.ThreadPoolExecutor.runWorker(ThreadPoolExecutor.java:1149)
	at java.util.concurrent.ThreadPoolExecutor$Worker.run(ThreadPoolExecutor.java:624)
	at java.lang.Thread.run(Thread.java:750)
[2025-08-24 12:28:46.100] ERROR - SCRAPING_FAILED - CIK: 0001013594, Error: No 13F filings found for CIK: 0001013594
[2025-08-24 12:30:09.753] DEBUG - Found holdings using path: infoTable
[2025-08-24 12:30:09.763] INFO - DOM parsing extracted 2 holdings
[2025-08-24 12:30:09.763] INFO - Total parsed 2 holdings from 13F filing test-complete-processing-1756009809723
[2025-08-24 12:30:25.856] DEBUG - Found holdings using path: infoTable
[2025-08-24 12:30:25.865] INFO - DOM parsing extracted 2 holdings
[2025-08-24 12:30:25.865] INFO - Total parsed 2 holdings from 13F filing test-complete-processing-1756009825819
[2025-08-24 12:30:40.732] DEBUG - Found holdings using path: infoTable
[2025-08-24 12:30:40.743] INFO - DOM parsing extracted 2 holdings
[2025-08-24 12:30:40.744] INFO - Total parsed 2 holdings from 13F filing 0001067983-25-999999
